d:\workspace\cpp\mfc\mfcproject\mfcproject\debug\vc141.pdb
d:\workspace\cpp\mfc\mfcproject\mfcproject\debug\vc141.idb
d:\workspace\cpp\mfc\mfcproject\mfcproject\debug\mfcsearch.obj
d:\workspace\cpp\mfc\mfcproject\mfcproject\debug\mfcprojectdlg.obj
d:\workspace\cpp\mfc\mfcproject\mfcproject\debug\mfcproject.obj
d:\workspace\cpp\mfc\mfcproject\mfcproject\debug\mfclogin.obj
d:\workspace\cpp\mfc\mfcproject\mfcproject\debug\mfcdatabase.obj
d:\workspace\cpp\mfc\mfcproject\mfcproject\debug\mfccreat.obj
d:\workspace\cpp\mfc\mfcproject\mfcproject\debug\mfcfundcost.obj
d:\workspace\cpp\mfc\mfcproject\mfcproject\debug\mfcedit.obj
d:\workspace\cpp\mfc\mfcproject\mfcproject\debug\mfcproject.pch
d:\workspace\cpp\mfc\mfcproject\mfcproject\debug\pch.obj
d:\workspace\cpp\mfc\mfcproject\mfcproject\debug\mfcdec.obj
d:\workspace\cpp\mfc\mfcproject\mfcproject\debug\mfcadd.obj
d:\workspace\cpp\mfc\mfcproject\debug\mfcproject.ilk
d:\workspace\cpp\mfc\mfcproject\debug\mfcproject.exe
d:\workspace\cpp\mfc\mfcproject\debug\mfcproject.pdb
d:\workspace\cpp\mfc\mfcproject\mfcproject\debug\mfcproject.res
d:\workspace\cpp\mfc\mfcproject\mfcproject\debug\mfcproject.tlog\cl.command.1.tlog
d:\workspace\cpp\mfc\mfcproject\mfcproject\debug\mfcproject.tlog\cl.read.1.tlog
d:\workspace\cpp\mfc\mfcproject\mfcproject\debug\mfcproject.tlog\cl.write.1.tlog
d:\workspace\cpp\mfc\mfcproject\mfcproject\debug\mfcproject.tlog\link.command.1.tlog
d:\workspace\cpp\mfc\mfcproject\mfcproject\debug\mfcproject.tlog\link.read.1.tlog
d:\workspace\cpp\mfc\mfcproject\mfcproject\debug\mfcproject.tlog\link.write.1.tlog
d:\workspace\cpp\mfc\mfcproject\mfcproject\debug\mfcproject.tlog\rc.command.1.tlog
d:\workspace\cpp\mfc\mfcproject\mfcproject\debug\mfcproject.tlog\rc.read.1.tlog
d:\workspace\cpp\mfc\mfcproject\mfcproject\debug\mfcproject.tlog\rc.write.1.tlog
